mode: atomic
github.com/jrschumacher/go-actions/example/main.go:12.13,36.2 15 0
github.com/jrschumacher/go-actions/example/main.go:39.24,41.2 1 4
github.com/jrschumacher/go-actions/example/main.go:44.29,46.2 1 4
github.com/jrschumacher/go-actions/example/main.go:49.29,51.2 1 4
github.com/jrschumacher/go-actions/example/main.go:55.35,56.12 1 4
github.com/jrschumacher/go-actions/example/main.go:56.12,58.3 1 1
github.com/jrschumacher/go-actions/example/main.go:59.2,59.14 1 3
github.com/jrschumacher/go-actions/example/main.go:63.59,65.2 1 4
github.com/jrschumacher/go-actions/example/main.go:68.37,70.54 2 5
github.com/jrschumacher/go-actions/example/main.go:70.54,72.3 1 7
github.com/jrschumacher/go-actions/example/main.go:73.2,73.22 1 5
github.com/jrschumacher/go-actions/example/main.go:77.30,79.2 1 3
github.com/jrschumacher/go-actions/example/main.go:82.44,84.2 1 4
github.com/jrschumacher/go-actions/example/main.go:87.38,89.2 1 5
github.com/jrschumacher/go-actions/example/main.go:92.27,93.12 1 84
github.com/jrschumacher/go-actions/example/main.go:93.12,95.3 1 44
github.com/jrschumacher/go-actions/example/main.go:96.2,96.40 1 40
github.com/jrschumacher/go-actions/example/main.go:100.26,101.11 1 8
github.com/jrschumacher/go-actions/example/main.go:101.11,103.3 1 3
github.com/jrschumacher/go-actions/example/main.go:104.2,104.28 1 5
github.com/jrschumacher/go-actions/example/main.go:104.28,105.15 1 4
github.com/jrschumacher/go-actions/example/main.go:105.15,107.4 1 2
github.com/jrschumacher/go-actions/example/main.go:109.2,109.13 1 3
github.com/jrschumacher/go-actions/example/main.go:113.45,116.29 3 5
github.com/jrschumacher/go-actions/example/main.go:116.29,118.17 2 11
github.com/jrschumacher/go-actions/example/main.go:118.17,120.4 1 2
github.com/jrschumacher/go-actions/example/main.go:121.3,121.13 1 9
github.com/jrschumacher/go-actions/example/main.go:123.2,123.17 1 3
