TN:
SF:scripts/benchmark-runner.ts
FN:19,(anonymous_0)
FN:25,(anonymous_1)
FN:51,runBenchmarks
FNF:3
FNH:3
FNDA:14,(anonymous_0)
FNDA:9,(anonymous_1)
FNDA:2,runBenchmarks
DA:1,2
DA:14,2
DA:20,14
DA:21,14
DA:22,14
DA:26,9
DA:28,9
DA:29,9
DA:30,25
DA:32,25
DA:38,6
DA:39,6
DA:41,3
DA:42,3
DA:51,2
DA:56,2
DA:57,2
LF:17
LH:17
BRDA:44,0,0,2
BRDA:44,0,1,1
BRDA:52,1,0,1
BRDA:53,2,0,1
BRDA:54,3,0,1
BRF:5
BRH:5
end_of_record
TN:
SF:scripts/ci-action.ts
FN:22,(anonymous_9)
FN:30,(anonymous_10)
FN:61,(anonymous_11)
FN:104,(anonymous_12)
FN:108,(anonymous_13)
FN:120,extractTestCoverage
FN:125,runBenchmarkJob
FN:135,commentOnPR
FNF:8
FNH:8
FNDA:17,(anonymous_9)
FNDA:4,(anonymous_10)
FNDA:4,(anonymous_11)
FNDA:2,(anonymous_12)
FNDA:1,(anonymous_13)
FNDA:1,extractTestCoverage
FNDA:1,runBenchmarkJob
FNDA:1,commentOnPR
DA:1,1
DA:2,1
DA:3,1
DA:4,1
DA:15,1
DA:23,17
DA:24,17
DA:25,17
DA:26,17
DA:27,17
DA:31,4
DA:32,1
DA:35,3
DA:36,3
DA:38,3
DA:39,2
DA:40,2
DA:41,2
DA:44,2
DA:49,1
DA:50,1
DA:53,1
DA:58,3
DA:62,4
DA:63,1
DA:66,3
DA:67,3
DA:69,3
DA:71,3
DA:72,2
DA:73,2
DA:76,2
DA:84,1
DA:85,1
DA:86,1
DA:87,1
DA:90,1
DA:100,3
DA:105,2
DA:109,1
DA:120,1
DA:121,1
DA:122,1
DA:125,1
DA:126,1
DA:132,1
DA:135,1
DA:136,1
DA:137,1
LF:49
LH:49
BRDA:22,0,0,0
BRDA:23,1,0,17
BRDA:23,1,1,1
BRDA:24,2,0,17
BRDA:24,2,1,8
BRDA:25,3,0,17
BRDA:25,3,1,15
BRDA:26,4,0,17
BRDA:26,4,1,15
BRDA:27,5,0,17
BRDA:27,5,1,17
BRDA:31,6,0,1
BRDA:38,7,0,2
BRDA:38,7,1,1
BRDA:38,8,0,3
BRDA:38,8,1,2
BRDA:62,9,0,1
BRDA:71,10,0,2
BRDA:71,10,1,1
BRDA:86,11,0,1
BRDA:86,11,1,0
BRDA:110,12,0,1
BRDA:110,12,1,1
BRDA:111,13,0,1
BRDA:111,13,1,1
BRDA:112,14,0,1
BRDA:112,14,1,1
BRDA:113,15,0,1
BRDA:113,15,1,1
BRDA:114,16,0,1
BRDA:114,16,1,0
BRDA:135,17,0,0
BRF:32
BRH:28
end_of_record
TN:
SF:scripts/coverage-extractor.ts
FN:19,(anonymous_9)
FN:24,(anonymous_10)
FN:51,extractCoverage
FNF:3
FNH:3
FNDA:11,(anonymous_9)
FNDA:8,(anonymous_10)
FNDA:2,extractCoverage
DA:1,2
DA:2,2
DA:3,2
DA:15,2
DA:20,11
DA:21,11
DA:25,8
DA:27,8
DA:28,3
DA:29,3
DA:32,5
DA:33,5
DA:38,4
DA:39,4
DA:41,4
DA:43,1
DA:44,1
DA:45,1
DA:51,2
DA:52,2
DA:53,2
LF:21
LH:21
BRDA:21,0,0,11
BRDA:21,0,1,8
BRDA:27,1,0,3
BRDA:51,2,0,1
BRDA:51,3,0,1
BRF:5
BRH:5
end_of_record
TN:
SF:scripts/post-unified-comment.ts
FN:4,postUnifiedComment
FN:25,main
FNF:2
FNH:0
FNDA:0,postUnifiedComment
FNDA:0,main
DA:1,0
DA:4,0
DA:5,0
DA:6,0
DA:8,0
DA:9,0
DA:11,0
DA:12,0
DA:13,0
DA:16,0
DA:17,0
DA:19,0
DA:25,0
DA:26,0
LF:14
LH:0
BRDA:11,0,0,0
BRF:1
BRH:0
end_of_record
TN:
SF:scripts/release-action.ts
FN:11,(anonymous_9)
FN:15,(anonymous_10)
FN:51,(anonymous_11)
FN:60,(anonymous_12)
FN:77,(anonymous_13)
FN:88,validateReleaseConfiguration
FN:94,validateReleaseInputs
FNF:7
FNH:7
FNDA:19,(anonymous_9)
FNDA:8,(anonymous_10)
FNDA:7,(anonymous_11)
FNDA:5,(anonymous_12)
FNDA:2,(anonymous_13)
FNDA:2,validateReleaseConfiguration
FNDA:2,validateReleaseInputs
DA:1,1
DA:2,1
DA:8,1
DA:12,19
DA:16,8
DA:18,8
DA:20,8
DA:21,4
DA:22,4
DA:24,4
DA:27,4
DA:28,4
DA:29,4
DA:38,4
DA:39,4
DA:40,4
DA:44,4
DA:47,4
DA:48,4
DA:52,7
DA:61,5
DA:63,5
DA:64,2
DA:65,2
DA:66,2
DA:69,3
DA:70,3
DA:71,3
DA:72,3
DA:74,3
DA:78,2
DA:79,2
DA:80,1
DA:83,2
DA:88,1
DA:89,2
DA:90,2
DA:94,1
DA:95,2
DA:96,2
LF:40
LH:40
BRDA:11,0,0,3
BRDA:12,1,0,19
BRDA:12,1,1,4
BRDA:20,2,0,4
BRDA:54,3,0,7
BRDA:54,3,1,3
BRDA:55,4,0,7
BRDA:55,4,1,3
BRDA:63,5,0,2
BRDA:70,6,0,3
BRDA:70,6,1,2
BRDA:77,7,0,0
BRDA:79,8,0,1
BRDA:83,9,0,2
BRDA:83,9,1,1
BRF:15
BRH:14
end_of_record
TN:
SF:scripts/self-validate.ts
FN:17,(anonymous_9)
FN:23,(anonymous_10)
FN:33,(anonymous_11)
FN:60,(anonymous_12)
FN:66,selfValidate
FN:72,commentOnPR
FNF:6
FNH:6
FNDA:11,(anonymous_9)
FNDA:7,(anonymous_10)
FNDA:4,(anonymous_11)
FNDA:2,(anonymous_12)
FNDA:2,selfValidate
FNDA:1,commentOnPR
DA:1,1
DA:2,1
DA:3,1
DA:12,1
DA:18,11
DA:19,11
DA:20,11
DA:24,7
DA:26,7
DA:29,7
DA:30,7
DA:32,7
DA:33,4
DA:34,3
DA:35,3
DA:36,3
DA:37,3
DA:40,3
DA:46,4
DA:49,4
DA:56,7
DA:61,2
DA:66,1
DA:67,2
DA:68,2
DA:72,1
DA:73,1
DA:74,1
LF:28
LH:28
BRDA:17,0,0,1
BRDA:18,1,0,11
BRDA:18,1,1,3
BRDA:19,2,0,11
BRDA:19,2,1,10
BRDA:20,3,0,11
BRDA:20,3,1,10
BRDA:32,4,0,3
BRDA:32,4,1,4
BRDA:66,5,0,1
BRDA:72,6,0,1
BRF:11
BRH:11
end_of_record
TN:
SF:scripts/unified-pr-comment.ts
FN:40,(anonymous_9)
FN:44,(anonymous_10)
FN:66,(anonymous_11)
FN:92,(anonymous_12)
FN:94,(anonymous_13)
FN:143,(anonymous_14)
FN:145,(anonymous_15)
FN:146,(anonymous_16)
FN:149,(anonymous_17)
FN:150,(anonymous_18)
FN:155,(anonymous_19)
FN:186,(anonymous_20)
FN:223,(anonymous_21)
FN:237,(anonymous_22)
FN:263,(anonymous_23)
FN:278,(anonymous_24)
FN:286,(anonymous_25)
FN:296,(anonymous_26)
FN:308,(anonymous_27)
FN:330,updateUnifiedComment
FN:335,storeJobResults
FN:339,loadAllResults
FNF:22
FNH:21
FNDA:13,(anonymous_9)
FNDA:6,(anonymous_10)
FNDA:1,(anonymous_11)
FNDA:7,(anonymous_12)
FNDA:6,(anonymous_13)
FNDA:9,(anonymous_14)
FNDA:12,(anonymous_15)
FNDA:12,(anonymous_16)
FNDA:11,(anonymous_17)
FNDA:5,(anonymous_18)
FNDA:6,(anonymous_19)
FNDA:4,(anonymous_20)
FNDA:1,(anonymous_21)
FNDA:2,(anonymous_22)
FNDA:1,(anonymous_23)
FNDA:0,(anonymous_24)
FNDA:1,(anonymous_25)
FNDA:15,(anonymous_26)
FNDA:4,(anonymous_27)
FNDA:1,updateUnifiedComment
FNDA:14,storeJobResults
FNDA:1,loadAllResults
DA:1,3
DA:2,3
DA:37,3
DA:41,13
DA:46,6
DA:47,2
DA:50,4
DA:51,4
DA:52,1
DA:53,1
DA:56,3
DA:57,3
DA:60,3
DA:66,3
DA:67,1
DA:71,3
DA:73,1
DA:79,1
DA:82,2
DA:88,2
DA:93,7
DA:94,7
DA:95,6
DA:98,7
DA:99,1
DA:103,6
DA:104,6
DA:106,6
DA:107,6
DA:108,6
DA:109,6
DA:112,6
DA:113,6
DA:116,6
DA:117,4
DA:118,4
DA:121,6
DA:122,1
DA:123,1
DA:126,6
DA:127,2
DA:128,2
DA:131,6
DA:132,1
DA:133,1
DA:137,6
DA:138,6
DA:140,6
DA:144,9
DA:145,12
DA:146,12
DA:148,9
DA:149,11
DA:150,5
DA:152,0
DA:156,6
DA:158,6
DA:159,4
DA:160,4
DA:161,4
DA:164,6
DA:165,1
DA:166,1
DA:169,6
DA:170,2
DA:171,2
DA:173,2
DA:176,6
DA:177,1
DA:178,1
DA:180,1
DA:183,6
DA:187,4
DA:188,4
DA:189,4
DA:191,4
DA:210,0
DA:211,0
DA:218,0
DA:224,1
DA:225,0
DA:229,1
DA:238,2
DA:239,1
DA:249,1
DA:264,1
DA:265,1
DA:274,0
DA:278,0
DA:287,1
DA:297,15
DA:298,15
DA:301,15
DA:302,15
DA:304,15
DA:309,4
DA:310,4
DA:312,4
DA:313,16
DA:314,16
DA:316,16
DA:317,4
DA:318,4
DA:320,1
DA:325,4
DA:330,3
DA:331,1
DA:332,1
DA:335,3
DA:336,14
DA:339,3
DA:340,1
LF:112
LH:105
BRDA:40,0,0,12
BRDA:41,1,0,13
BRDA:41,1,1,13
BRDA:46,2,0,2
BRDA:50,3,0,4
BRDA:50,3,1,1
BRDA:51,4,0,1
BRDA:67,5,0,1
BRDA:67,5,1,1
BRDA:71,6,0,1
BRDA:71,6,1,2
BRDA:95,7,0,6
BRDA:95,7,1,6
BRDA:98,8,0,1
BRDA:104,9,0,4
BRDA:104,9,1,2
BRDA:104,10,0,2
BRDA:104,10,1,0
BRDA:116,11,0,4
BRDA:116,12,0,6
BRDA:116,12,1,4
BRDA:121,13,0,1
BRDA:121,14,0,6
BRDA:121,14,1,1
BRDA:126,15,0,2
BRDA:126,16,0,6
BRDA:126,16,1,2
BRDA:131,17,0,1
BRDA:131,18,0,6
BRDA:131,18,1,1
BRDA:145,19,0,12
BRDA:145,19,1,12
BRDA:148,20,0,1
BRDA:149,21,0,5
BRDA:150,22,0,3
BRDA:158,23,0,4
BRDA:158,24,0,6
BRDA:158,24,1,4
BRDA:159,25,0,4
BRDA:159,25,1,0
BRDA:160,26,0,4
BRDA:160,26,1,0
BRDA:164,27,0,1
BRDA:164,28,0,6
BRDA:164,28,1,1
BRDA:165,29,0,0
BRDA:165,29,1,1
BRDA:169,30,0,2
BRDA:169,31,0,6
BRDA:169,31,1,2
BRDA:170,32,0,1
BRDA:170,32,1,1
BRDA:171,33,0,2
BRDA:171,33,1,0
BRDA:176,34,0,1
BRDA:176,35,0,6
BRDA:176,35,1,1
BRDA:177,36,0,1
BRDA:177,36,1,0
BRDA:178,37,0,1
BRDA:178,37,1,0
BRDA:187,38,0,4
BRDA:187,38,1,0
BRDA:187,39,0,4
BRDA:187,39,1,4
BRDA:189,40,0,3
BRDA:189,40,1,1
BRDA:189,41,0,1
BRDA:189,41,1,0
BRDA:191,42,0,3
BRDA:191,42,1,1
BRDA:195,43,0,3
BRDA:195,43,1,1
BRDA:197,44,0,1
BRDA:197,44,1,0
BRDA:210,45,0,0
BRDA:215,46,0,0
BRDA:215,46,1,0
BRDA:224,47,0,0
BRDA:224,47,1,1
BRDA:233,48,0,1
BRDA:233,48,1,0
BRDA:238,49,0,1
BRDA:238,49,1,1
BRDA:243,50,0,1
BRDA:243,50,1,0
BRDA:253,51,0,1
BRDA:253,51,1,0
BRDA:255,52,0,1
BRDA:255,52,1,0
BRDA:264,53,0,1
BRDA:264,53,1,0
BRDA:269,54,0,1
BRDA:269,54,1,0
BRDA:280,55,0,0
BRDA:280,55,1,0
BRDA:316,56,0,4
BRDA:330,57,0,1
BRF:98
BRH:76
end_of_record
TN:
SF:scripts/validate-project.ts
FN:18,(anonymous_9)
FN:22,(anonymous_10)
FN:26,(anonymous_11)
FN:29,(anonymous_12)
FN:35,(anonymous_13)
FN:44,(anonymous_14)
FN:127,(anonymous_15)
FN:134,validateProject
FN:142,(anonymous_17)
FNF:9
FNH:9
FNDA:20,(anonymous_9)
FNDA:113,(anonymous_10)
FNDA:34,(anonymous_11)
FNDA:34,(anonymous_12)
FNDA:17,(anonymous_13)
FNDA:17,(anonymous_14)
FNDA:9,(anonymous_15)
FNDA:2,validateProject
FNDA:8,(anonymous_17)
DA:1,1
DA:2,1
DA:3,1
DA:15,1
DA:19,20
DA:23,113
DA:27,34
DA:28,34
DA:29,34
DA:31,2
DA:36,17
DA:37,17
DA:38,15
DA:40,2
DA:45,17
DA:46,17
DA:48,17
DA:51,17
DA:52,3
DA:54,14
DA:58,17
DA:59,17
DA:60,6
DA:62,11
DA:66,17
DA:67,17
DA:68,11
DA:70,6
DA:74,17
DA:75,2
DA:77,15
DA:81,17
DA:82,17
DA:84,17
DA:85,13
DA:86,13
DA:88,4
DA:91,17
DA:92,13
DA:93,13
DA:95,4
DA:99,17
DA:100,17
DA:102,17
DA:103,13
DA:104,13
DA:106,4
DA:110,17
DA:111,17
DA:113,17
DA:114,13
DA:115,13
DA:117,4
DA:121,17
DA:122,17
DA:123,10
DA:124,10
DA:126,7
DA:127,9
DA:128,7
DA:134,1
DA:135,2
DA:136,2
DA:139,2
DA:140,1
DA:141,1
DA:142,8
DA:145,2
LF:68
LH:68
BRDA:51,0,0,3
BRDA:51,0,1,14
BRDA:59,1,0,6
BRDA:59,1,1,11
BRDA:67,2,0,11
BRDA:67,2,1,6
BRDA:74,3,0,2
BRDA:74,3,1,15
BRDA:84,4,0,13
BRDA:84,4,1,4
BRDA:91,5,0,13
BRDA:91,5,1,4
BRDA:102,6,0,13
BRDA:102,6,1,4
BRDA:102,7,0,17
BRDA:102,7,1,14
BRDA:113,8,0,13
BRDA:113,8,1,4
BRDA:113,9,0,17
BRDA:113,9,1,14
BRDA:122,10,0,10
BRDA:122,10,1,7
BRDA:134,11,0,1
BRDA:139,12,0,1
BRF:24
BRH:24
end_of_record
TN:
SF:scripts/validate-release.ts
FN:16,(anonymous_9)
FN:20,(anonymous_10)
FN:24,(anonymous_11)
FN:59,validateRelease
FNF:4
FNH:4
FNDA:17,(anonymous_9)
FNDA:23,(anonymous_10)
FNDA:12,(anonymous_11)
FNDA:2,validateRelease
DA:1,2
DA:2,2
DA:13,2
DA:17,17
DA:21,23
DA:25,12
DA:27,12
DA:28,5
DA:31,11
DA:32,5
DA:35,11
DA:36,6
DA:37,6
DA:38,6
DA:39,6
DA:47,6
DA:48,6
DA:49,6
DA:51,6
DA:54,5
DA:59,2
DA:60,2
DA:61,2
LF:23
LH:23
BRDA:27,0,0,5
BRDA:31,1,0,5
BRDA:35,2,0,6
BRDA:59,3,0,1
BRF:4
BRH:4
end_of_record
TN:
SF:scripts/workflow-validator.ts
FN:25,(anonymous_9)
FN:29,(anonymous_10)
FN:33,(anonymous_11)
FN:42,(anonymous_12)
FN:43,(anonymous_13)
FN:46,(anonymous_14)
FN:66,(anonymous_15)
FN:76,(anonymous_16)
FN:82,(anonymous_17)
FN:187,(anonymous_18)
FN:201,(anonymous_19)
FN:201,(anonymous_20)
FN:216,(anonymous_21)
FN:238,validateWorkflows
FNF:14
FNH:14
FNDA:24,(anonymous_9)
FNDA:39,(anonymous_10)
FNDA:18,(anonymous_11)
FNDA:18,(anonymous_12)
FNDA:17,(anonymous_13)
FNDA:10,(anonymous_14)
FNDA:5,(anonymous_15)
FNDA:10,(anonymous_16)
FNDA:18,(anonymous_17)
FNDA:4,(anonymous_18)
FNDA:6,(anonymous_19)
FNDA:5,(anonymous_20)
FNDA:6,(anonymous_21)
FNDA:2,validateWorkflows
DA:1,2
DA:2,2
DA:22,2
DA:26,24
DA:30,39
DA:34,18
DA:36,18
DA:37,3
DA:40,15
DA:41,15
DA:42,18
DA:43,17
DA:47,10
DA:50,10
DA:51,10
DA:53,10
DA:56,10
DA:58,10
DA:59,10
DA:60,4
DA:63,10
DA:67,5
DA:68,5
DA:69,5
DA:70,5
DA:72,0
DA:78,10
DA:79,10
DA:83,18
DA:84,18
DA:86,18
DA:88,18
DA:89,3
DA:92,15
DA:93,17
DA:96,16
DA:97,10
DA:100,10
DA:101,3
DA:109,10
DA:110,10
DA:113,10
DA:114,1
DA:118,10
DA:119,10
DA:120,5
DA:121,5
DA:122,0
DA:125,10
DA:126,5
DA:127,5
DA:128,5
DA:129,5
DA:131,5
DA:132,2
DA:145,16
DA:146,4
DA:149,4
DA:154,4
DA:155,8
DA:156,2
DA:165,4
DA:166,1
DA:175,16
DA:176,1
DA:180,14
DA:188,4
DA:190,4
DA:191,3
DA:192,3
DA:194,3
DA:195,6
DA:198,3
DA:201,6
DA:203,3
DA:204,2
DA:207,3
DA:208,1
DA:211,3
DA:212,2
DA:216,6
DA:217,3
DA:218,1
DA:219,1
DA:220,1
DA:222,1
DA:223,1
DA:224,1
DA:229,1
DA:230,1
DA:233,4
DA:238,2
DA:239,2
DA:240,2
LF:94
LH:92
BRDA:25,0,0,0
BRDA:36,1,0,3
BRDA:42,2,0,18
BRDA:42,2,1,3
BRDA:53,3,0,0
BRDA:59,4,0,4
BRDA:70,5,0,5
BRDA:70,5,1,0
BRDA:79,6,0,8
BRDA:79,6,1,2
BRDA:88,7,0,3
BRDA:96,8,0,10
BRDA:100,9,0,3
BRDA:110,10,0,10
BRDA:110,10,1,6
BRDA:113,11,0,1
BRDA:119,12,0,5
BRDA:119,12,1,5
BRDA:121,13,0,0
BRDA:125,14,0,5
BRDA:127,15,0,5
BRDA:131,16,0,2
BRDA:131,17,0,5
BRDA:131,17,1,4
BRDA:131,17,2,4
BRDA:145,18,0,4
BRDA:155,19,0,2
BRDA:165,20,0,1
BRDA:165,21,0,4
BRDA:165,21,1,2
BRDA:175,22,0,1
BRDA:190,23,0,3
BRDA:190,23,1,1
BRDA:203,24,0,2
BRDA:207,25,0,1
BRDA:211,26,0,2
BRDA:217,27,0,1
BRDA:223,28,0,1
BRDA:238,29,0,1
BRF:39
BRH:35
end_of_record
